e:\pvz\build\freeglut\freeglut.dir\debug\vc143.pdb
e:\pvz\build\freeglut\freeglut.dir\debug\fg_teapot.obj
e:\pvz\build\freeglut\freeglut.dir\debug\fg_structure.obj
e:\pvz\build\freeglut\freeglut.dir\debug\fg_stroke_roman.obj
e:\pvz\build\freeglut\freeglut.dir\debug\fg_stroke_mono_roman.obj
e:\pvz\build\freeglut\freeglut.dir\debug\fg_state.obj
e:\pvz\build\freeglut\freeglut.dir\debug\fg_spaceball.obj
e:\pvz\build\freeglut\freeglut.dir\debug\fg_overlay.obj
e:\pvz\build\freeglut\freeglut.dir\debug\fg_misc.obj
e:\pvz\build\freeglut\freeglut.dir\debug\fg_main.obj
e:\pvz\build\freeglut\freeglut.dir\debug\fg_joystick.obj
e:\pvz\build\freeglut\freeglut.dir\debug\fg_input_devices.obj
e:\pvz\build\freeglut\freeglut.dir\debug\fg_init.obj
e:\pvz\build\freeglut\freeglut.dir\debug\fg_gl2.obj
e:\pvz\build\freeglut\freeglut.dir\debug\fg_geometry.obj
e:\pvz\build\freeglut\freeglut.dir\debug\fg_gamemode.obj
e:\pvz\build\freeglut\freeglut.dir\debug\fg_font_data.obj
e:\pvz\build\freeglut\freeglut.dir\debug\fg_ext.obj
e:\pvz\build\freeglut\freeglut.dir\debug\fg_display.obj
e:\pvz\build\freeglut\freeglut.dir\debug\fg_cursor.obj
e:\pvz\build\freeglut\freeglut.dir\debug\fg_callbacks.obj
e:\pvz\build\freeglut\freeglut.dir\debug\xparsegeometry_repl.obj
e:\pvz\build\freeglut\freeglut.dir\debug\fg_window_mswin.obj
e:\pvz\build\freeglut\freeglut.dir\debug\fg_structure_mswin.obj
e:\pvz\build\freeglut\freeglut.dir\debug\fg_state_mswin.obj
e:\pvz\build\freeglut\freeglut.dir\debug\fg_spaceball_mswin.obj
e:\pvz\build\freeglut\freeglut.dir\debug\fg_menu_mswin.obj
e:\pvz\build\freeglut\freeglut.dir\debug\fg_main_mswin.obj
e:\pvz\build\freeglut\freeglut.dir\debug\fg_joystick_mswin.obj
e:\pvz\build\freeglut\freeglut.dir\debug\fg_input_devices_mswin.obj
e:\pvz\build\freeglut\freeglut.dir\debug\fg_init_mswin.obj
e:\pvz\build\freeglut\freeglut.dir\debug\fg_gamemode_mswin.obj
e:\pvz\build\freeglut\freeglut.dir\debug\fg_ext_mswin.obj
e:\pvz\build\freeglut\freeglut.dir\debug\fg_display_mswin.obj
e:\pvz\build\freeglut\freeglut.dir\debug\fg_cursor_mswin.obj
e:\pvz\build\freeglut\freeglut.dir\debug\fg_menu.obj
e:\pvz\build\freeglut\freeglut.dir\debug\fg_font.obj
e:\pvz\build\freeglut\freeglut.dir\debug\fg_window.obj
e:\pvz\build\freeglut\freeglut.dir\debug\fg_videoresize.obj
e:\pvz\build\freeglut\cmakefiles\generate.stamp
e:\pvz\build\bin\debug\freeglut.dll
e:\pvz\build\bin\debug\freeglut.pdb
e:\pvz\build\freeglut\freeglut.dir\debug\freeglut.res
e:\pvz\build\lib\debug\freeglut.lib
e:\pvz\build\lib\debug\freeglut.exp
e:\pvz\build\freeglut\freeglut.dir\debug\freeglut.ilk
e:\pvz\build\freeglut\freeglut.dir\debug\freeglut.tlog\cl.command.1.tlog
e:\pvz\build\freeglut\freeglut.dir\debug\freeglut.tlog\cl.items.tlog
e:\pvz\build\freeglut\freeglut.dir\debug\freeglut.tlog\cl.read.1.tlog
e:\pvz\build\freeglut\freeglut.dir\debug\freeglut.tlog\cl.write.1.tlog
e:\pvz\build\freeglut\freeglut.dir\debug\freeglut.tlog\custombuild.command.1.tlog
e:\pvz\build\freeglut\freeglut.dir\debug\freeglut.tlog\custombuild.read.1.tlog
e:\pvz\build\freeglut\freeglut.dir\debug\freeglut.tlog\custombuild.write.1.tlog
e:\pvz\build\freeglut\freeglut.dir\debug\freeglut.tlog\link.command.1.tlog
e:\pvz\build\freeglut\freeglut.dir\debug\freeglut.tlog\link.read.1.tlog
e:\pvz\build\freeglut\freeglut.dir\debug\freeglut.tlog\link.secondary.1.tlog
e:\pvz\build\freeglut\freeglut.dir\debug\freeglut.tlog\link.write.1.tlog
e:\pvz\build\freeglut\freeglut.dir\debug\freeglut.tlog\rc.command.1.tlog
e:\pvz\build\freeglut\freeglut.dir\debug\freeglut.tlog\rc.read.1.tlog
e:\pvz\build\freeglut\freeglut.dir\debug\freeglut.tlog\rc.write.1.tlog
